[debug] [2023-11-25T09:40:37.654Z] ----------------------------------------------------------------------
[debug] [2023-11-25T09:40:37.657Z] Command:       C:\Program Files\nodejs\node.exe C:\Program Files\nodejs\node_modules\firebase-tools\lib\bin\firebase.js use --add
[debug] [2023-11-25T09:40:37.657Z] CLI Version:   12.9.1
[debug] [2023-11-25T09:40:37.657Z] Platform:      win32
[debug] [2023-11-25T09:40:37.657Z] Node Version:  v20.5.0
[debug] [2023-11-25T09:40:37.657Z] Time:          Sat Nov 25 2023 15:10:37 GMT+0530 (India Standard Time)
[debug] [2023-11-25T09:40:37.657Z] ----------------------------------------------------------------------
[debug] 
[debug] [2023-11-25T09:40:37.740Z] > command requires scopes: ["email","openid","https://www.googleapis.com/auth/cloudplatformprojects.readonly","https://www.googleapis.com/auth/firebase","https://www.googleapis.com/auth/cloud-platform"]
[debug] [2023-11-25T09:40:37.740Z] > authorizing via signed-in user (sandeep98a@gmail.com)
[debug] [2023-11-25T09:40:37.742Z] > refreshing access token with scopes: []
[debug] [2023-11-25T09:40:37.743Z] >>> [apiv2][query] POST https://www.googleapis.com/oauth2/v3/token [none]
[debug] [2023-11-25T09:40:37.743Z] >>> [apiv2][body] POST https://www.googleapis.com/oauth2/v3/token [omitted]
[debug] [2023-11-25T09:40:38.357Z] <<< [apiv2][status] POST https://www.googleapis.com/oauth2/v3/token 400
[debug] [2023-11-25T09:40:38.357Z] <<< [apiv2][body] POST https://www.googleapis.com/oauth2/v3/token [omitted]
[debug] [2023-11-25T09:40:38.359Z] >>> [apiv2][query] GET https://firebase.googleapis.com/v1beta1/projects pageSize=1000
[debug] [2023-11-25T09:40:38.898Z] <<< [apiv2][status] GET https://firebase.googleapis.com/v1beta1/projects 401
[debug] [2023-11-25T09:40:38.899Z] <<< [apiv2][body] GET https://firebase.googleapis.com/v1beta1/projects [omitted]
[debug] [2023-11-25T09:40:38.901Z] HTTP Error: 401, Request had invalid authentication credentials. Expected OAuth 2 access token, login cookie or other valid authentication credential. See https://developers.google.com/identity/sign-in/web/devconsole-project.
[debug] [2023-11-25T09:40:39.168Z] FirebaseError: HTTP Error: 401, Request had invalid authentication credentials. Expected OAuth 2 access token, login cookie or other valid authentication credential. See https://developers.google.com/identity/sign-in/web/devconsole-project.
    at responseToError (C:\Users\sande\AppData\Roaming\nvm\v20.5.0\node_modules\firebase-tools\lib\responseToError.js:49:12)
    at RetryOperation._fn (C:\Users\sande\AppData\Roaming\nvm\v20.5.0\node_modules\firebase-tools\lib\apiv2.js:285:77)
    at process.processTicksAndRejections (node:internal/process/task_queues:95:5)
[error] 
[error] Error: Failed to list Firebase projects. See firebase-debug.log for more info.
[debug] [2023-11-25T09:40:48.251Z] ----------------------------------------------------------------------
[debug] [2023-11-25T09:40:48.254Z] Command:       C:\Program Files\nodejs\node.exe C:\Program Files\nodejs\node_modules\firebase-tools\lib\bin\firebase.js init hosting
[debug] [2023-11-25T09:40:48.254Z] CLI Version:   12.9.1
[debug] [2023-11-25T09:40:48.254Z] Platform:      win32
[debug] [2023-11-25T09:40:48.255Z] Node Version:  v20.5.0
[debug] [2023-11-25T09:40:48.255Z] Time:          Sat Nov 25 2023 15:10:48 GMT+0530 (India Standard Time)
[debug] [2023-11-25T09:40:48.255Z] ----------------------------------------------------------------------
[debug] 
[debug] [2023-11-25T09:40:48.347Z] > command requires scopes: ["email","openid","https://www.googleapis.com/auth/cloudplatformprojects.readonly","https://www.googleapis.com/auth/firebase","https://www.googleapis.com/auth/cloud-platform"]
[debug] [2023-11-25T09:40:48.348Z] > authorizing via signed-in user (sandeep98a@gmail.com)
[info] 
     ######## #### ########  ######## ########     ###     ######  ########
     ##        ##  ##     ## ##       ##     ##  ##   ##  ##       ##
     ######    ##  ########  ######   ########  #########  ######  ######
     ##        ##  ##    ##  ##       ##     ## ##     ##       ## ##
     ##       #### ##     ## ######## ########  ##     ##  ######  ########

You're about to initialize a Firebase project in this directory:

  C:\Users\sande\Documents\ChatApp\alphachat

Before we get started, keep in mind:

  * You are initializing within an existing Firebase project directory

[info] 
=== Project Setup
[info] 
[info] First, let's associate this project directory with a Firebase project.
[info] You can create multiple project aliases by running firebase use --add, 
[info] but for now we'll just set up a default project.
[info] 
[debug] [2023-11-25T09:40:51.382Z] Using project from CLI flag: chatapp-d7dc1
[debug] [2023-11-25T09:40:51.384Z] > refreshing access token with scopes: []
[debug] [2023-11-25T09:40:51.385Z] >>> [apiv2][query] POST https://www.googleapis.com/oauth2/v3/token [none]
[debug] [2023-11-25T09:40:51.386Z] >>> [apiv2][body] POST https://www.googleapis.com/oauth2/v3/token [omitted]
[debug] [2023-11-25T09:40:51.647Z] <<< [apiv2][status] POST https://www.googleapis.com/oauth2/v3/token 400
[debug] [2023-11-25T09:40:51.648Z] <<< [apiv2][body] POST https://www.googleapis.com/oauth2/v3/token [omitted]
[debug] [2023-11-25T09:40:51.649Z] >>> [apiv2][query] GET https://firebase.googleapis.com/v1beta1/projects/chatapp-d7dc1 [none]
[debug] [2023-11-25T09:40:51.879Z] <<< [apiv2][status] GET https://firebase.googleapis.com/v1beta1/projects/chatapp-d7dc1 401
[debug] [2023-11-25T09:40:51.880Z] <<< [apiv2][body] GET https://firebase.googleapis.com/v1beta1/projects/chatapp-d7dc1 {"error":{"code":401,"message":"Request had invalid authentication credentials. Expected OAuth 2 access token, login cookie or other valid authentication credential. See https://developers.google.com/identity/sign-in/web/devconsole-project.","status":"UNAUTHENTICATED"}}
[debug] [2023-11-25T09:40:51.881Z] HTTP Error: 401, Request had invalid authentication credentials. Expected OAuth 2 access token, login cookie or other valid authentication credential. See https://developers.google.com/identity/sign-in/web/devconsole-project.
[debug] [2023-11-25T09:40:52.191Z] FirebaseError: HTTP Error: 401, Request had invalid authentication credentials. Expected OAuth 2 access token, login cookie or other valid authentication credential. See https://developers.google.com/identity/sign-in/web/devconsole-project.
    at responseToError (C:\Users\sande\AppData\Roaming\nvm\v20.5.0\node_modules\firebase-tools\lib\responseToError.js:49:12)
    at RetryOperation._fn (C:\Users\sande\AppData\Roaming\nvm\v20.5.0\node_modules\firebase-tools\lib\apiv2.js:285:77)
    at process.processTicksAndRejections (node:internal/process/task_queues:95:5)
[error] 
[error] Error: Failed to get Firebase project chatapp-d7dc1. Please make sure the project exists and your account has permission to access it.
